<?xml version="1.0" encoding="UTF-8"?>
<robot generator="Robot 7.3.2 (Python 3.13.2 on win32)" generated="2025-07-23T10:08:25.342389" rpa="false" schemaversion="5">
<suite id="s1" name="TC Find Product PDF Details Festo Virtual Assistant" source="C:\Appl\MyProject\Project\Project_1\robot-tests\Virtual assistant\tests\login\TC_Find Product PDF Details Festo Virtual Assistant.robot">
<test id="s1-t1" name="Login_FestoVirtualAssistant" line="14">
<kw name="Open Browser" owner="SeleniumLibrary">
<msg time="2025-07-23T10:08:25.905441" level="INFO">Opening browser 'Edge' to base url 'https://virtualassistant-staging.d35l8nn6frge72.amplifyapp.com'.</msg>
<msg time="2025-07-23T10:08:26.782779" level="WARN">There was an error managing msedgedriver (error sending request for url (https://msedgedriver.azureedge.net/LATEST_RELEASE_138_WINDOWS)); using driver found in the cache</msg>
<arg>${URL}</arg>
<arg>${BROWSER}</arg>
<doc>Opens a new browser instance to the optional ``url``.</doc>
<status status="PASS" start="2025-07-23T10:08:25.904493" elapsed="6.121747"/>
</kw>
<kw name="Maximize Browser Window" owner="SeleniumLibrary">
<doc>Maximizes current browser window.</doc>
<status status="PASS" start="2025-07-23T10:08:32.028445" elapsed="0.077853"/>
</kw>
<kw name="Run Keyword And Return Status" owner="BuiltIn">
<kw name="Wait Until Element Is Visible" owner="SeleniumLibrary">
<arg>xpath=//button[contains(@id,'notice-agree-button')]</arg>
<arg>10s</arg>
<doc>Waits until the element ``locator`` is visible.</doc>
<status status="PASS" start="2025-07-23T10:08:32.108333" elapsed="4.153781"/>
</kw>
<msg time="2025-07-23T10:08:36.262567" level="INFO">${is_present} = True</msg>
<var>${is_present}</var>
<arg>Wait Until Element Is Visible</arg>
<arg>xpath=//button[contains(@id,'notice-agree-button')]</arg>
<arg>10s</arg>
<doc>Runs the given keyword with given arguments and returns the status as a Boolean value.</doc>
<status status="PASS" start="2025-07-23T10:08:32.107284" elapsed="4.155381"/>
</kw>
<if>
<branch type="IF" condition="${is_present}">
<kw name="Click Element" owner="SeleniumLibrary">
<msg time="2025-07-23T10:08:36.264357" level="INFO">Clicking element 'xpath=//button[contains(@id,'notice-agree-button')]'.</msg>
<arg>xpath=//button[contains(@id,'notice-agree-button')]</arg>
<doc>Click the element identified by ``locator``.</doc>
<status status="PASS" start="2025-07-23T10:08:36.263890" elapsed="0.190755"/>
</kw>
<kw name="Log" owner="BuiltIn">
<msg time="2025-07-23T10:08:36.457596" level="INFO">Clicked on 'Accept All' cookies button</msg>
<arg>Clicked on 'Accept All' cookies button</arg>
<doc>Logs the given message with the given level.</doc>
<status status="PASS" start="2025-07-23T10:08:36.457071" elapsed="0.000691"/>
</kw>
<status status="PASS" start="2025-07-23T10:08:36.263391" elapsed="0.194526"/>
</branch>
<branch type="ELSE">
<kw name="Log" owner="BuiltIn">
<arg>'Accept All' button not present, continuing</arg>
<doc>Logs the given message with the given level.</doc>
<status status="NOT RUN" start="2025-07-23T10:08:36.458630" elapsed="0.000105"/>
</kw>
<status status="NOT RUN" start="2025-07-23T10:08:36.458201" elapsed="0.000681"/>
</branch>
<status status="PASS" start="2025-07-23T10:08:36.263283" elapsed="0.196475"/>
</if>
<kw name="Wait Until Page Contains Element" owner="SeleniumLibrary">
<arg>xpath=//div[text()='Login with Festo Single Sign-on']</arg>
<arg>timeout=10</arg>
<doc>Waits until the element ``locator`` appears on the current page.</doc>
<status status="PASS" start="2025-07-23T10:08:36.460683" elapsed="0.089851"/>
</kw>
<kw name="Click Element" owner="SeleniumLibrary">
<msg time="2025-07-23T10:08:36.552794" level="INFO">Clicking element 'xpath=//div[text()='Login with Festo Single Sign-on']'.</msg>
<arg>xpath=//div[text()='Login with Festo Single Sign-on']</arg>
<doc>Click the element identified by ``locator``.</doc>
<status status="PASS" start="2025-07-23T10:08:36.551509" elapsed="0.166600"/>
</kw>
<kw name="Sleep" owner="BuiltIn">
<msg time="2025-07-23T10:08:36.771329" level="INFO">Slept 50 milliseconds.</msg>
<arg>50ms</arg>
<doc>Pauses the test executed for the given time.</doc>
<status status="PASS" start="2025-07-23T10:08:36.718988" elapsed="0.052702"/>
</kw>
<kw name="Wait Until Page Contains Element" owner="SeleniumLibrary">
<arg>xpath=//div/p[text()="Hi, I am the Virtual Assistant of Festo"]</arg>
<arg>timeout=30</arg>
<doc>Waits until the element ``locator`` appears on the current page.</doc>
<status status="PASS" start="2025-07-23T10:08:36.772755" elapsed="11.340023"/>
</kw>
<kw name="Sleep" owner="BuiltIn">
<msg time="2025-07-23T10:08:49.115443" level="INFO">Slept 1 second.</msg>
<arg>1</arg>
<doc>Pauses the test executed for the given time.</doc>
<status status="PASS" start="2025-07-23T10:08:48.113816" elapsed="1.002120"/>
</kw>
<status status="PASS" start="2025-07-23T10:08:25.903087" elapsed="23.214176"/>
</test>
<test id="s1-t2" name="Search_ProductLink_FestoVirtualAssistant" line="42">
<kw name="Input Text" owner="SeleniumLibrary">
<msg time="2025-07-23T10:08:49.120755" level="INFO">Typing text 'PDF link Round Cylinder CRDSNU' into text field 'xpath=//div/textarea[contains(@placeholder,'ask your question')]'.</msg>
<arg>xpath=//div/textarea[contains(@placeholder,'ask your question')]</arg>
<arg>${QUESTION}</arg>
<doc>Types the given ``text`` into the text field identified by ``locator``.</doc>
<status status="PASS" start="2025-07-23T10:08:49.120201" elapsed="0.359926"/>
</kw>
<kw name="Sleep" owner="BuiltIn">
<msg time="2025-07-23T10:08:51.481908" level="INFO">Slept 2 seconds.</msg>
<arg>2</arg>
<doc>Pauses the test executed for the given time.</doc>
<status status="PASS" start="2025-07-23T10:08:49.480959" elapsed="2.001232"/>
</kw>
<kw name="Click Element" owner="SeleniumLibrary">
<msg time="2025-07-23T10:08:51.483884" level="INFO">Clicking element 'xpath=//button[@type='submit']'.</msg>
<arg>xpath=//button[@type='submit']</arg>
<doc>Click the element identified by ``locator``.</doc>
<status status="PASS" start="2025-07-23T10:08:51.483352" elapsed="0.175993"/>
</kw>
<kw name="Sleep" owner="BuiltIn">
<msg time="2025-07-23T10:08:54.663644" level="INFO">Slept 3 seconds.</msg>
<arg>3</arg>
<doc>Pauses the test executed for the given time.</doc>
<status status="PASS" start="2025-07-23T10:08:51.661684" elapsed="3.002438"/>
</kw>
<kw name="Wait Until Element Is Visible" owner="SeleniumLibrary">
<arg>(//div[@class='feedback undefined'])[last()]</arg>
<arg>30s</arg>
<doc>Waits until the element ``locator`` is visible.</doc>
<status status="PASS" start="2025-07-23T10:08:54.665180" elapsed="12.759988"/>
</kw>
<status status="PASS" start="2025-07-23T10:08:49.118930" elapsed="18.307030"/>
</test>
<test id="s1-t3" name="OpenProductLink_Navigation_FestoVirtualAssistant" line="51">
<kw name="Click Element" owner="SeleniumLibrary">
<msg time="2025-07-23T10:09:07.429144" level="INFO">Clicking element 'xpath=(//a)[last()]'.</msg>
<arg>xpath=(//a)[last()]</arg>
<doc>Click the element identified by ``locator``.</doc>
<status status="PASS" start="2025-07-23T10:09:07.428484" elapsed="0.264409"/>
</kw>
<kw name="Sleep" owner="BuiltIn">
<msg time="2025-07-23T10:09:12.694830" level="INFO">Slept 5 seconds.</msg>
<arg>5</arg>
<doc>Pauses the test executed for the given time.</doc>
<status status="PASS" start="2025-07-23T10:09:07.693771" elapsed="5.001315"/>
</kw>
<status status="PASS" start="2025-07-23T10:09:07.427249" elapsed="5.268765"/>
</test>
<test id="s1-t4" name="Logout_FestoVirtualAssistant" line="56">
<kw name="Click Element" owner="SeleniumLibrary">
<msg time="2025-07-23T10:09:12.698980" level="INFO">Clicking element 'xpath=//button/i[contains(@class,'people-user')]'.</msg>
<arg>xpath=//button/i[contains(@class,'people-user')]</arg>
<doc>Click the element identified by ``locator``.</doc>
<status status="PASS" start="2025-07-23T10:09:12.698520" elapsed="0.178911"/>
</kw>
<kw name="Click Element" owner="SeleniumLibrary">
<msg time="2025-07-23T10:09:12.878819" level="INFO">Clicking element 'xpath=//button[text()='Logout']'.</msg>
<arg>xpath=//button[text()='Logout']</arg>
<doc>Click the element identified by ``locator``.</doc>
<status status="PASS" start="2025-07-23T10:09:12.878329" elapsed="0.160540"/>
</kw>
<kw name="Sleep" owner="BuiltIn">
<msg time="2025-07-23T10:09:18.042000" level="INFO">Slept 5 seconds.</msg>
<arg>5</arg>
<doc>Pauses the test executed for the given time.</doc>
<status status="PASS" start="2025-07-23T10:09:13.040040" elapsed="5.002389"/>
</kw>
<status status="PASS" start="2025-07-23T10:09:12.697583" elapsed="5.345993"/>
</test>
<status status="PASS" start="2025-07-23T10:08:25.345524" elapsed="52.700527"/>
</suite>
<statistics>
<total>
<stat pass="4" fail="0" skip="0">All Tests</stat>
</total>
<tag>
</tag>
<suite>
<stat name="TC Find Product PDF Details Festo Virtual Assistant" id="s1" pass="4" fail="0" skip="0">TC Find Product PDF Details Festo Virtual Assistant</stat>
</suite>
</statistics>
<errors>
<msg time="2025-07-23T10:08:26.782779" level="WARN">There was an error managing msedgedriver (error sending request for url (https://msedgedriver.azureedge.net/LATEST_RELEASE_138_WINDOWS)); using driver found in the cache</msg>
</errors>
</robot>
